make all -f /home/hoseung/Work/FHE/CMake/lib/makefile --print-data-base --no-builtin-variables --no-builtin-rules --question
make: /home/hoseung/Work/FHE/CMake/lib/makefile: No such file or directory
make: *** No rule to make target '/home/hoseung/Work/FHE/CMake/lib/makefile'.  Stop.

# GNU Make 4.2.1
# Built for x86_64-pc-linux-gnu
# Copyright (C) 1988-2016 Free Software Foundation, Inc.
# License GPLv3+: GNU GPL version 3 or later <http://gnu.org/licenses/gpl.html>
# This is free software: you are free to change and redistribute it.
# There is NO WARRANTY, to the extent permitted by law.

# Make data base, printed on Sat Aug 20 00:59:04 2022

# Variables

# 'override' directive
GNUMAKEFLAGS := 
# automatic
<D = $(patsubst %/,%,$(dir $<))
# automatic
?F = $(notdir $?)
# environment
DESKTOP_SESSION = ubuntu
# default
.SHELLFLAGS := -c
# environment
XDG_SESSION_CLASS = user
# environment
XDG_SESSION_TYPE = x11
# automatic
?D = $(patsubst %/,%,$(dir $?))
# environment
IM_CONFIG_PHASE = 1
# automatic
@D = $(patsubst %/,%,$(dir $@))
# environment
XAUTHORITY = /run/user/1000/gdm/Xauthority
# environment
GDMSESSION = ubuntu
# environment
XMODIFIERS = @im=ibus
# makefile
CURDIR := /home/hoseung/Work/FHE/CMake
# makefile
SHELL = /bin/sh
# environment
VSCODE_NLS_CONFIG = {"locale":"en-us","availableLanguages":{},"_languagePackSupport":true}
# environment
_ = /usr/share/code/code
# environment
JOURNAL_STREAM = 9:49047
# environment
XDG_CONFIG_DIRS = /etc/xdg/xdg-ubuntu:/etc/xdg
# makefile
MAKEFILE_LIST := 
# automatic
@F = $(notdir $@)
# environment
GIO_LAUNCHED_DESKTOP_FILE = /usr/share/applications/code.desktop
# environment
USERNAME = hoseung
# environment
MAKELEVEL := 0
# environment
MANDATORY_PATH = /usr/share/gconf/ubuntu.mandatory.path
# environment
XDG_DATA_DIRS = /usr/share/ubuntu:/usr/local/share/:/usr/share/:/var/lib/snapd/desktop
# environment
DBUS_SESSION_BUS_ADDRESS = unix:path=/run/user/1000/bus
# environment
MANAGERPID = 2153
# environment
LESSOPEN = | /usr/bin/lesspipe %s
# environment
LC_NAME = ko_KR.UTF-8
# environment
VSCODE_CWD = /home/hoseung
# default
MAKE_HOST := x86_64-pc-linux-gnu
# environment
PATH = /home/hoseung/.local/bin:/media/hoseung/data2/anaconda3/bin:/media/hoseung/data2/anaconda3/condabin:/user/local/cuda-10.1/bin:/home/hoseung/.local/bin:/usr/local/sbin:/usr/local/bin:/usr/sbin:/usr/bin:/sbin:/bin:/usr/games:/usr/local/games:/snap/bin
# environment
GPG_AGENT_INFO = /run/user/1000/gnupg/S.gpg-agent:0:1
# environment
GJS_DEBUG_OUTPUT = stderr
# environment
SESSION_MANAGER = local/hs-P75:@/tmp/.ICE-unix/2406,unix/hs-P75:/tmp/.ICE-unix/2406
# environment
XDG_RUNTIME_DIR = /run/user/1000
# environment
CONDA_PREFIX = /media/hoseung/data2/anaconda3
# environment
XDG_MENU_PREFIX = gnome-
# environment
ELECTRON_RUN_AS_NODE = 1
# environment
INVOCATION_ID = d73e8d32081942179c09028a02353c20
# default
.FEATURES := target-specific order-only second-expansion else-if shortest-stem undefine oneshell archives jobserver output-sync check-symlink load
# environment
LS_COLORS = 
# environment
XDG_SESSION_DESKTOP = ubuntu
# environment
SSH_AUTH_SOCK = /run/user/1000/keyring/ssh
# environment
GIO_LAUNCHED_DESKTOP_FILE_PID = 4972
# automatic
%F = $(notdir $%)
# environment
DISPLAY = :1
# environment
CONDA_EXE = /media/hoseung/data2/anaconda3/bin/conda
# environment
PWD = /home/hoseung/Work/FHE/CMake
# default
.LOADED := 
# environment
SSH_AGENT_PID = 2379
# environment
ORIGINAL_XDG_CURRENT_DESKTOP = ubuntu:GNOME
# environment
GTK_MODULES = gail:atk-bridge
# environment
VSCODE_AMD_ENTRYPOINT = vs/workbench/api/node/extensionHostProcess
# environment
HOME = /home/hoseung
# environment
LD_LIBRARY_PATH = /usr/local/cuda-10.1/lib64:
# environment
LESSCLOSE = /usr/bin/lesspipe %s %s
# environment
VSCODE_CODE_CACHE_PATH = /home/hoseung/.config/Code/CachedData/6d9b74a70ca9c7733b29f0456fd8195364076dda
# environment
LOGNAME = hoseung
# environment
APPLICATION_INSIGHTS_NO_DIAGNOSTIC_CHANNEL = true
# environment
CONDA_PROMPT_MODIFIER = (base) 
# automatic
+F = $(notdir $+)
# environment
VSCODE_HANDLES_UNCAUGHT_ERRORS = true
# environment
GNOME_DESKTOP_SESSION_ID = this-is-deprecated
# automatic
^D = $(patsubst %/,%,$(dir $^))
# environment
LC_TIME = ko_KR.UTF-8
# environment
CONDA_DEFAULT_ENV = base
# default
MAKE = $(MAKE_COMMAND)
# default
MAKECMDGOALS := all
# environment
QT_IM_MODULE = ibus
# environment
SHLVL = 0
# environment
GNOME_SHELL_SESSION_MODE = ubuntu
# default
MAKE_VERSION := 4.2.1
# environment
USER = hoseung
# environment
LC_MONETARY = ko_KR.UTF-8
# makefile
.DEFAULT_GOAL := 
# environment
XDG_CURRENT_DESKTOP = Unity
# automatic
%D = $(patsubst %/,%,$(dir $%))
# environment
LC_TELEPHONE = ko_KR.UTF-8
# environment
CONDA_SHLVL = 1
# default
MAKE_COMMAND := make
# default
.VARIABLES := 
# automatic
*F = $(notdir $*)
# environment
VSCODE_IPC_HOOK = /run/user/1000/vscode-5f39b57b-1.70.1-main.sock
# makefile
MAKEFLAGS = prR
# environment
MFLAGS = -prR
# automatic
*D = $(patsubst %/,%,$(dir $*))
# automatic
+D = $(patsubst %/,%,$(dir $+))
# environment
GDK_BACKEND = x11
# environment
LC_PAPER = ko_KR.UTF-8
# environment
QT_ACCESSIBILITY = 1
# environment
DEFAULTS_PATH = /usr/share/gconf/ubuntu.default.path
# default
MAKEFILES := 
# environment
LC_NUMERIC = ko_KR.UTF-8
# automatic
<F = $(notdir $<)
# environment
LC_MEASUREMENT = ko_KR.UTF-8
# environment
LC_ALL = C
# environment
CONDA_PYTHON_EXE = /media/hoseung/data2/anaconda3/bin/python
# environment
GJS_DEBUG_TOPICS = JS ERROR;JS LOG
# automatic
^F = $(notdir $^)
# default
SUFFIXES := 
# environment
_CE_M = 
# environment
CHROME_DESKTOP = code-url-handler.desktop
# environment
WINDOWPATH = 2
# default
.INCLUDE_DIRS = /usr/include /usr/local/include /usr/include
# environment
LC_IDENTIFICATION = ko_KR.UTF-8
# default
.RECIPEPREFIX := 
# environment
LC_ADDRESS = ko_KR.UTF-8
# environment
LANG = C
# environment
VSCODE_PID = 4972
# environment
_CE_CONDA = 
# variable set hash-table stats:
# Load=112/1024=11%, Rehash=0, Collisions=18/132=14%

# Pattern-specific Variable Values

# No pattern-specific variable values.

# Directories


# No files, no impossibilities in 0 directories.

# Implicit Rules

# No implicit rules.

# Files

# Not a target:
all:
#  Command line target.
#  Implicit rule search has not been done.
#  Modification time never checked.
#  File has not been updated.

# Not a target:
.DEFAULT:
#  Implicit rule search has not been done.
#  Modification time never checked.
#  File has not been updated.

# Not a target:
/home/hoseung/Work/FHE/CMake/lib/makefile:
#  Implicit rule search has been done.
#  File does not exist.
#  File has not been updated.

# files hash-table stats:
# Load=4/1024=0%, Rehash=0, Collisions=0/14=0%
# VPATH Search Paths

# No 'vpath' search paths.

# No general ('VPATH' variable) search path.

# strcache buffers: 1 (0) / strings = 6 / storage = 97 B / avg = 16 B
# current buf: size = 8162 B / used = 97 B / count = 6 / avg = 16 B

# strcache performance: lookups = 9 / hit rate = 33%
# hash-table stats:
# Load=6/8192=0%, Rehash=0, Collisions=0/9=0%
# Finished Make data base on Sat Aug 20 00:59:04 2022

 
